2023-04-04 22:19:21 [scrapy.utils.log] INFO: Scrapy 2.8.0 started (bot: crawler)
2023-04-04 22:19:21 [scrapy.utils.log] INFO: Versions: lxml 4.9.2.0, libxml2 2.9.12, cssselect 1.2.0, parsel 1.7.0, w3lib 2.1.1, Twisted 22.10.0, Python 3.9.13 (tags/v3.9.13:6de2ca5, May 17 2022, 16:36:42) [MSC v.1929 64 bit (AMD64)], pyOpenSSL 23.1.1 (OpenSSL 3.1.0 14 Mar 2023), cryptography 40.0.1, Platform Windows-10-10.0.22621-SP0
2023-04-04 22:21:09 [scrapy.utils.log] INFO: Scrapy 2.8.0 started (bot: crawler)
2023-04-04 22:21:09 [scrapy.utils.log] INFO: Versions: lxml 4.9.2.0, libxml2 2.9.12, cssselect 1.2.0, parsel 1.7.0, w3lib 2.1.1, Twisted 22.10.0, Python 3.9.13 (tags/v3.9.13:6de2ca5, May 17 2022, 16:36:42) [MSC v.1929 64 bit (AMD64)], pyOpenSSL 23.1.1 (OpenSSL 3.1.0 14 Mar 2023), cryptography 40.0.1, Platform Windows-10-10.0.22621-SP0
2023-04-04 22:21:51 [scrapy.utils.log] INFO: Scrapy 2.8.0 started (bot: crawler)
2023-04-04 22:21:51 [scrapy.utils.log] INFO: Versions: lxml 4.9.2.0, libxml2 2.9.12, cssselect 1.2.0, parsel 1.7.0, w3lib 2.1.1, Twisted 22.10.0, Python 3.9.13 (tags/v3.9.13:6de2ca5, May 17 2022, 16:36:42) [MSC v.1929 64 bit (AMD64)], pyOpenSSL 23.1.1 (OpenSSL 3.1.0 14 Mar 2023), cryptography 40.0.1, Platform Windows-10-10.0.22621-SP0
2023-04-04 22:21:51 [scrapy.crawler] INFO: Overridden settings:
{'BOT_NAME': 'crawler',
 'FEED_EXPORT_ENCODING': 'utf-8',
 'LOG_FILE': 'imdb.log',
 'NEWSPIDER_MODULE': 'crawler.spiders',
 'REQUEST_FINGERPRINTER_IMPLEMENTATION': '2.7',
 'ROBOTSTXT_OBEY': True,
 'SPIDER_MODULES': ['crawler.spiders'],
 'TWISTED_REACTOR': 'twisted.internet.asyncioreactor.AsyncioSelectorReactor'}
2023-04-04 22:21:51 [asyncio] DEBUG: Using selector: SelectSelector
2023-04-04 22:21:51 [scrapy.utils.log] DEBUG: Using reactor: twisted.internet.asyncioreactor.AsyncioSelectorReactor
2023-04-04 22:21:51 [scrapy.utils.log] DEBUG: Using asyncio event loop: asyncio.windows_events._WindowsSelectorEventLoop
2023-04-04 22:21:51 [scrapy.extensions.telnet] INFO: Telnet Password: fdf7e7ad7e31c960
2023-04-04 22:21:51 [scrapy.middleware] INFO: Enabled extensions:
['scrapy.extensions.corestats.CoreStats',
 'scrapy.extensions.telnet.TelnetConsole',
 'scrapy.extensions.logstats.LogStats']
2023-04-04 22:21:52 [scrapy.middleware] INFO: Enabled downloader middlewares:
['scrapy.downloadermiddlewares.robotstxt.RobotsTxtMiddleware',
 'scrapy.downloadermiddlewares.httpauth.HttpAuthMiddleware',
 'scrapy.downloadermiddlewares.downloadtimeout.DownloadTimeoutMiddleware',
 'scrapy.downloadermiddlewares.defaultheaders.DefaultHeadersMiddleware',
 'scrapy.downloadermiddlewares.useragent.UserAgentMiddleware',
 'scrapy.downloadermiddlewares.retry.RetryMiddleware',
 'scrapy.downloadermiddlewares.redirect.MetaRefreshMiddleware',
 'scrapy.downloadermiddlewares.httpcompression.HttpCompressionMiddleware',
 'scrapy.downloadermiddlewares.redirect.RedirectMiddleware',
 'scrapy.downloadermiddlewares.cookies.CookiesMiddleware',
 'scrapy.downloadermiddlewares.httpproxy.HttpProxyMiddleware',
 'scrapy.downloadermiddlewares.stats.DownloaderStats']
2023-04-04 22:21:52 [scrapy.middleware] INFO: Enabled spider middlewares:
['scrapy.spidermiddlewares.httperror.HttpErrorMiddleware',
 'scrapy.spidermiddlewares.offsite.OffsiteMiddleware',
 'scrapy.spidermiddlewares.referer.RefererMiddleware',
 'scrapy.spidermiddlewares.urllength.UrlLengthMiddleware',
 'scrapy.spidermiddlewares.depth.DepthMiddleware']
2023-04-04 22:21:52 [scrapy.middleware] INFO: Enabled item pipelines:
[]
2023-04-04 22:21:52 [scrapy.core.engine] INFO: Spider opened
2023-04-04 22:21:53 [scrapy.extensions.logstats] INFO: Crawled 0 pages (at 0 pages/min), scraped 0 items (at 0 items/min)
2023-04-04 22:21:53 [scrapy.extensions.telnet] INFO: Telnet console listening on 127.0.0.1:6023
2023-04-04 22:21:53 [scrapy.core.engine] DEBUG: Crawled (200) <GET https://www.imdb.com/robots.txt> (referer: None)
2023-04-04 22:21:53 [scrapy.core.engine] DEBUG: Crawled (403) <GET https://www.imdb.com/> (referer: None)
2023-04-04 22:21:53 [scrapy.spidermiddlewares.httperror] INFO: Ignoring response <403 https://www.imdb.com/>: HTTP status code is not handled or not allowed
2023-04-04 22:21:53 [scrapy.core.engine] INFO: Closing spider (finished)
2023-04-04 22:21:53 [scrapy.statscollectors] INFO: Dumping Scrapy stats:
{'downloader/request_bytes': 434,
 'downloader/request_count': 2,
 'downloader/request_method_count/GET': 2,
 'downloader/response_bytes': 2484,
 'downloader/response_count': 2,
 'downloader/response_status_count/200': 1,
 'downloader/response_status_count/403': 1,
 'elapsed_time_seconds': 0.372429,
 'finish_reason': 'finished',
 'finish_time': datetime.datetime(2023, 4, 5, 3, 21, 53, 399132),
 'httperror/response_ignored_count': 1,
 'httperror/response_ignored_status_count/403': 1,
 'log_count/DEBUG': 5,
 'log_count/INFO': 11,
 'response_received_count': 2,
 'robotstxt/request_count': 1,
 'robotstxt/response_count': 1,
 'robotstxt/response_status_count/200': 1,
 'scheduler/dequeued': 1,
 'scheduler/dequeued/memory': 1,
 'scheduler/enqueued': 1,
 'scheduler/enqueued/memory': 1,
 'start_time': datetime.datetime(2023, 4, 5, 3, 21, 53, 26703)}
2023-04-04 22:21:53 [scrapy.core.engine] INFO: Spider closed (finished)
